Determining if the pthread_create exist failed with the following output:
Change Dir: /home/user/Documents/SI4/S2/RA/Avatar/build/CMakeFiles/CMakeTmp

Run Build Command:/usr/bin/make "cmTryCompileExec2942425023/fast"
/usr/bin/make -f CMakeFiles/cmTryCompileExec2942425023.dir/build.make CMakeFiles/cmTryCompileExec2942425023.dir/build
make[1]: entrant dans le répertoire « /home/user/Documents/SI4/S2/RA/Avatar/build/CMakeFiles/CMakeTmp »
/usr/bin/cmake -E cmake_progress_report /home/user/Documents/SI4/S2/RA/Avatar/build/CMakeFiles/CMakeTmp/CMakeFiles 1
Building C object CMakeFiles/cmTryCompileExec2942425023.dir/CheckSymbolExists.c.o
/usr/bin/cc    -o CMakeFiles/cmTryCompileExec2942425023.dir/CheckSymbolExists.c.o   -c /home/user/Documents/SI4/S2/RA/Avatar/build/CMakeFiles/CMakeTmp/CheckSymbolExists.c
Linking C executable cmTryCompileExec2942425023
/usr/bin/cmake -E cmake_link_script CMakeFiles/cmTryCompileExec2942425023.dir/link.txt --verbose=1
/usr/bin/cc       CMakeFiles/cmTryCompileExec2942425023.dir/CheckSymbolExists.c.o  -o cmTryCompileExec2942425023 -rdynamic 
CMakeFiles/cmTryCompileExec2942425023.dir/CheckSymbolExists.c.o: dans la fonction « main »:
CheckSymbolExists.c:(.text+0x16): référence indéfinie vers « pthread_create »
collect2: error: ld returned 1 exit status
make[1]: *** [cmTryCompileExec2942425023] Erreur 1
make[1]: quittant le répertoire « /home/user/Documents/SI4/S2/RA/Avatar/build/CMakeFiles/CMakeTmp »
make: *** [cmTryCompileExec2942425023/fast] Erreur 2

File /home/user/Documents/SI4/S2/RA/Avatar/build/CMakeFiles/CMakeTmp/CheckSymbolExists.c:
/* */
#include <pthread.h>

int main(int argc, char** argv)
{
  (void)argv;
#ifndef pthread_create
  return ((int*)(&pthread_create))[argc];
#else
  (void)argc;
  return 0;
#endif
}

Determining if the function pthread_create exists in the pthreads failed with the following output:
Change Dir: /home/user/Documents/SI4/S2/RA/Avatar/build/CMakeFiles/CMakeTmp

Run Build Command:/usr/bin/make "cmTryCompileExec763498966/fast"
/usr/bin/make -f CMakeFiles/cmTryCompileExec763498966.dir/build.make CMakeFiles/cmTryCompileExec763498966.dir/build
make[1]: entrant dans le répertoire « /home/user/Documents/SI4/S2/RA/Avatar/build/CMakeFiles/CMakeTmp »
/usr/bin/cmake -E cmake_progress_report /home/user/Documents/SI4/S2/RA/Avatar/build/CMakeFiles/CMakeTmp/CMakeFiles 1
Building C object CMakeFiles/cmTryCompileExec763498966.dir/CheckFunctionExists.c.o
/usr/bin/cc   -DCHECK_FUNCTION_EXISTS=pthread_create   -o CMakeFiles/cmTryCompileExec763498966.dir/CheckFunctionExists.c.o   -c /usr/share/cmake-2.8/Modules/CheckFunctionExists.c
Linking C executable cmTryCompileExec763498966
/usr/bin/cmake -E cmake_link_script CMakeFiles/cmTryCompileExec763498966.dir/link.txt --verbose=1
/usr/bin/cc   -DCHECK_FUNCTION_EXISTS=pthread_create    CMakeFiles/cmTryCompileExec763498966.dir/CheckFunctionExists.c.o  -o cmTryCompileExec763498966 -rdynamic -lpthreads 
/usr/bin/ld: ne peut trouver -lpthreads
collect2: error: ld returned 1 exit status
make[1]: *** [cmTryCompileExec763498966] Erreur 1
make[1]: quittant le répertoire « /home/user/Documents/SI4/S2/RA/Avatar/build/CMakeFiles/CMakeTmp »
make: *** [cmTryCompileExec763498966/fast] Erreur 2


